308 702 0
308 694 0
308 686 0
308 678 0
308 670 0
308 662 0
308 654 0
316 654 0
316 662 0
324 662 0
332 662 0
340 662 0
348 662 0
356 662 0
364 662 0
372 662 0
380 662 0
388 662 0
396 662 3
404 662 3
412 662 3
420 662 3
428 662 3
436 662 3
444 662 3
452 662 3
460 662 3
468 662 3
476 662 3
484 662 3
492 662 3
500 662 3
508 662 3
516 662 3
524 662 3
532 662 3
540 662 3
548 662 3
556 662 3
564 662 3
572 662 3
580 662 3
588 662 3
596 662 3
604 662 3
612 662 3
620 662 3
628 662 3
636 662 3
644 662 3
652 662 3
660 662 3
668 662 3
676 662 3
684 662 3
692 662 3
700 662 3
708 662 3
716 662 3
724 662 3
732 662 3
740 662 3
748 662 3
748 654 3
748 646 3
748 638 3
748 630 3
748 622 3
748 614 3
748 606 3
748 598 3
748 590 3
748 582 3
748 574 3
748 566 3
748 558 3
748 550 3
748 542 3
748 534 3
748 526 3
748 518 3
748 510 3
748 502 3
748 494 3
748 486 3
748 478 3
748 470 3
748 462 3
748 454 3
748 446 3
748 438 3
748 430 3
748 422 3
748 414 3
748 406 3
748 398 3
756 398 3
764 398 3
772 398 3
780 398 3
780 398 0
